<?xml version="1.0" encoding="UTF-8"?>
<testsuite name="TestSuite" time="0.158" tests="225" errors="1" skipped="1" failures="7">
  <properties>
    <property name="java.runtime.name" value="Java(TM) SE Runtime Environment"/>
    <property name="sun.boot.library.path" value="C:\Program Files\Java\jdk1.8.0_221\jre\bin"/>
    <property name="java.vm.version" value="25.221-b11"/>
    <property name="java.vm.vendor" value="Oracle Corporation"/>
    <property name="java.vendor.url" value="http://java.oracle.com/"/>
    <property name="path.separator" value=";"/>
    <property name="guice.disable.misplaced.annotation.check" value="true"/>
    <property name="java.vm.name" value="Java HotSpot(TM) 64-Bit Server VM"/>
    <property name="file.encoding.pkg" value="sun.io"/>
    <property name="user.script" value=""/>
    <property name="user.country" value="US"/>
    <property name="sun.java.launcher" value="SUN_STANDARD"/>
    <property name="sun.os.patch.level" value=""/>
    <property name="java.vm.specification.name" value="Java Virtual Machine Specification"/>
    <property name="user.dir" value="C:\Users\SudhaChandoo\TestNG\testng"/>
    <property name="java.runtime.version" value="1.8.0_221-b11"/>
    <property name="java.awt.graphicsenv" value="sun.awt.Win32GraphicsEnvironment"/>
    <property name="java.endorsed.dirs" value="C:\Program Files\Java\jdk1.8.0_221\jre\lib\endorsed"/>
    <property name="os.arch" value="amd64"/>
    <property name="java.io.tmpdir" value="C:\Users\SUDHAC~1\AppData\Local\Temp\"/>
    <property name="line.separator" value="&#10;"/>
    <property name="java.vm.specification.vendor" value="Oracle Corporation"/>
    <property name="user.variant" value=""/>
    <property name="os.name" value="Windows 10"/>
    <property name="classworlds.conf" value="C:\Users\SudhaChandoo\TestNG\.metadata\.plugins\org.eclipse.m2e.launching\launches\m2conf503531691413958963.tmp"/>
    <property name="sun.jnu.encoding" value="Cp1252"/>
    <property name="java.library.path" value="C:\Program Files\Java\jdk1.8.0_221\bin;C:\WINDOWS\Sun\Java\bin;C:\WINDOWS\system32;C:\WINDOWS;C:/Program Files/Java/jre1.8.0_221/bin/server;C:/Program Files/Java/jre1.8.0_221/bin;C:/Program Files/Java/jre1.8.0_221/lib/amd64;C:\Program Files (x86)\Common Files\Oracle\Java\javapath;C:\WINDOWS\system32;C:\WINDOWS;C:\WINDOWS\System32\Wbem;C:\WINDOWS\System32\WindowsPowerShell\v1.0\;C:\Program Files (x86)\Intel\Intel(R) Management Engine Components\DAL;C:\Program Files\Intel\Intel(R) Management Engine Components\DAL;C:\WINDOWS\System32\OpenSSH\;%JAVA_HOME%\bin;C:\Users\SudhaChandoo\Downloads\apache-maven-3.6.2-bin\apache-maven-3.6.2\bin;C:\Program Files\nodejs\;C:\Users\SudhaChandoo\AppData\Local\Microsoft\WindowsApps;C:\Users\SudhaChandoo\AppData\Roaming\npm;C:\Users\SudhaChandoo\Downloads\eclipse-java-luna-SR2-win32-x86_64\eclipse;;."/>
    <property name="java.specification.name" value="Java Platform API Specification"/>
    <property name="java.class.version" value="52.0"/>
    <property name="sun.management.compiler" value="HotSpot 64-Bit Tiered Compilers"/>
    <property name="os.version" value="10.0"/>
    <property name="user.home" value="C:\Users\SudhaChandoo"/>
    <property name="user.timezone" value="Asia/Calcutta"/>
    <property name="java.awt.printerjob" value="sun.awt.windows.WPrinterJob"/>
    <property name="java.specification.version" value="1.8"/>
    <property name="file.encoding" value="Cp1252"/>
    <property name="user.name" value="SudhaChandoo"/>
    <property name="java.class.path" value="/C:/Users/SudhaChandoo/Downloads/eclipse-java-luna-SR2-win32-x86_64/eclipse/plugins/org.eclipse.m2e.maven.runtime_1.5.1.20150109-1819/jars/plexus-classworlds-2.5.1.jar"/>
    <property name="org.slf4j.simpleLogger.defaultLogLevel" value="info"/>
    <property name="java.vm.specification.version" value="1.8"/>
    <property name="sun.arch.data.model" value="64"/>
    <property name="java.home" value="C:\Program Files\Java\jdk1.8.0_221\jre"/>
    <property name="sun.java.command" value="org.codehaus.plexus.classworlds.launcher.Launcher -B install"/>
    <property name="java.specification.vendor" value="Oracle Corporation"/>
    <property name="user.language" value="en"/>
    <property name="awt.toolkit" value="sun.awt.windows.WToolkit"/>
    <property name="java.vm.info" value="mixed mode"/>
    <property name="java.version" value="1.8.0_221"/>
    <property name="java.ext.dirs" value="C:\Program Files\Java\jdk1.8.0_221\jre\lib\ext;C:\WINDOWS\Sun\Java\lib\ext"/>
    <property name="sun.boot.class.path" value="C:\Program Files\Java\jdk1.8.0_221\jre\lib\resources.jar;C:\Program Files\Java\jdk1.8.0_221\jre\lib\rt.jar;C:\Program Files\Java\jdk1.8.0_221\jre\lib\sunrsasign.jar;C:\Program Files\Java\jdk1.8.0_221\jre\lib\jsse.jar;C:\Program Files\Java\jdk1.8.0_221\jre\lib\jce.jar;C:\Program Files\Java\jdk1.8.0_221\jre\lib\charsets.jar;C:\Program Files\Java\jdk1.8.0_221\jre\lib\jfr.jar;C:\Program Files\Java\jdk1.8.0_221\jre\classes"/>
    <property name="java.vendor" value="Oracle Corporation"/>
    <property name="maven.home" value="C:\Users\SudhaChandoo\TestNG\testng\EMBEDDED"/>
    <property name="file.separator" value="\"/>
    <property name="java.vendor.url.bug" value="http://bugreport.sun.com/bugreport/"/>
    <property name="sun.cpu.endian" value="little"/>
    <property name="sun.io.unicode.encoding" value="UnicodeLittle"/>
    <property name="sun.desktop" value="windows"/>
    <property name="sun.cpu.isalist" value="amd64"/>
  </properties>
  <testcase name="testparallel" classname="test.testng.TestParallel" time="0.006"/>
  <testcase name="testparallel" classname="test.testng.TestParallel" time="0"/>
  <testcase name="testparallel" classname="test.testng.TestParallel" time="0"/>
  <testcase name="testAdd" classname="test.testng.AppTest" time="0.001"/>
  <testcase name="testparallel" classname="test.testng.TestParallel" time="0"/>
  <testcase name="testparallel" classname="test.testng.TestParallel" time="0"/>
  <testcase name="testparallel" classname="test.testng.TestParallel" time="0"/>
  <testcase name="testparallel" classname="test.testng.TestParallel" time="0"/>
  <testcase name="testparallel" classname="test.testng.TestParallel" time="0"/>
  <testcase name="testparallel" classname="test.testng.TestParallel" time="0"/>
  <testcase name="testparallel" classname="test.testng.TestParallel" time="0"/>
  <testcase name="testparallel" classname="test.testng.TestParallel" time="0"/>
  <testcase name="testparallel" classname="test.testng.TestParallel" time="0"/>
  <testcase name="testparallel" classname="test.testng.TestParallel" time="0.001"/>
  <testcase name="testparallel" classname="test.testng.TestParallel" time="0"/>
  <testcase name="testparallel" classname="test.testng.TestParallel" time="0"/>
  <testcase name="testparallel" classname="test.testng.TestParallel" time="0"/>
  <testcase name="testparallel" classname="test.testng.TestParallel" time="0.001"/>
  <testcase name="testparallel" classname="test.testng.TestParallel" time="0"/>
  <testcase name="testparallel" classname="test.testng.TestParallel" time="0.001"/>
  <testcase name="testaddition" classname="test.testng.TestAddition" time="0"/>
  <testcase name="testparallel" classname="test.testng.TestParallel" time="0"/>
  <testcase name="testparallel" classname="test.testng.TestParallel" time="0"/>
  <testcase name="testparallel" classname="test.testng.TestParallel" time="0"/>
  <testcase name="testparallel" classname="test.testng.TestParallel" time="0"/>
  <testcase name="testparallel" classname="test.testng.TestParallel" time="0"/>
  <testcase name="testparallel" classname="test.testng.TestParallel" time="0"/>
  <testcase name="testparallel" classname="test.testng.TestParallel" time="0"/>
  <testcase name="testparallel" classname="test.testng.TestParallel" time="0.014"/>
  <testcase name="testparallel" classname="test.testng.TestParallel" time="0"/>
  <testcase name="testparallel" classname="test.testng.TestParallel" time="0"/>
  <testcase name="testparallel" classname="test.testng.TestParallel" time="0"/>
  <testcase name="testparallel" classname="test.testng.TestParallel" time="0"/>
  <testcase name="testparallel" classname="test.testng.TestParallel" time="0.001"/>
  <testcase name="testparallel" classname="test.testng.TestParallel" time="0"/>
  <testcase name="testparallel" classname="test.testng.TestParallel" time="0"/>
  <testcase name="testparallel" classname="test.testng.TestParallel" time="0"/>
  <testcase name="testparallel" classname="test.testng.TestParallel" time="0"/>
  <testcase name="testaddition" classname="test.testng.TestAddition" time="0.016">
    <failure message="expected [11] but found [9]" type="java.lang.AssertionError">java.lang.AssertionError: expected [11] but found [9]
	at org.testng.Assert.fail(Assert.java:94)
	at org.testng.Assert.failNotEquals(Assert.java:513)
	at org.testng.Assert.assertEqualsImpl(Assert.java:135)
	at org.testng.Assert.assertEquals(Assert.java:116)
	at org.testng.Assert.assertEquals(Assert.java:179)
	at test.testng.TestAddition.testaddition(TestAddition.java:12)
</failure>
  </testcase>
  <testcase name="testaddition" classname="test.testng.TestAddition" time="0"/>
  <testcase name="testparallel" classname="test.testng.TestParallel" time="0"/>
  <testcase name="testparallel" classname="test.testng.TestParallel" time="0.001"/>
  <testcase name="testparallel" classname="test.testng.TestParallel" time="0"/>
  <testcase name="testparallel" classname="test.testng.TestParallel" time="0"/>
  <testcase name="testparallel" classname="test.testng.TestParallel" time="0"/>
  <testcase name="testparallel" classname="test.testng.TestParallel" time="0"/>
  <testcase name="testparallel" classname="test.testng.TestParallel" time="0.001"/>
  <testcase name="testparallel" classname="test.testng.TestParallel" time="0"/>
  <testcase name="testparallel" classname="test.testng.TestParallel" time="0.004"/>
  <testcase name="testparallel" classname="test.testng.TestParallel" time="0"/>
  <testcase name="testparallel" classname="test.testng.TestParallel" time="0"/>
  <testcase name="testparallel" classname="test.testng.TestParallel" time="0.001"/>
  <testcase name="testparallel" classname="test.testng.TestParallel" time="0.002"/>
  <testcase name="testparallel" classname="test.testng.TestParallel" time="0.001"/>
  <testcase name="testparallel" classname="test.testng.TestParallel" time="0.001"/>
  <testcase name="testparallel" classname="test.testng.TestParallel" time="0.002"/>
  <testcase name="testparallel" classname="test.testng.TestParallel" time="0"/>
  <testcase name="testparallel" classname="test.testng.TestParallel" time="0"/>
  <testcase name="testparallel" classname="test.testng.TestParallel" time="0.001"/>
  <testcase name="testparallel" classname="test.testng.TestParallel" time="0"/>
  <testcase name="testparallel" classname="test.testng.TestParallel" time="0"/>
  <testcase name="testparallel" classname="test.testng.TestParallel" time="0.002"/>
  <testcase name="testparallel" classname="test.testng.TestParallel" time="0"/>
  <testcase name="testparallel" classname="test.testng.TestParallel" time="0.003"/>
  <testcase name="testparallel" classname="test.testng.TestParallel" time="0.003"/>
  <testcase name="testparallel" classname="test.testng.TestParallel" time="0.001"/>
  <testcase name="testparallel" classname="test.testng.TestParallel" time="0.002"/>
  <testcase name="testparallel" classname="test.testng.TestParallel" time="0"/>
  <testcase name="testparallel" classname="test.testng.TestParallel" time="0"/>
  <testcase name="testparallel" classname="test.testng.TestParallel" time="0"/>
  <testcase name="testparallel" classname="test.testng.TestParallel" time="0.001"/>
  <testcase name="testparallel" classname="test.testng.TestParallel" time="0"/>
  <testcase name="testparallel" classname="test.testng.TestParallel" time="0"/>
  <testcase name="testparallel" classname="test.testng.TestParallel" time="0"/>
  <testcase name="testparallel" classname="test.testng.TestParallel" time="0.004"/>
  <testcase name="testparallel" classname="test.testng.TestParallel" time="0"/>
  <testcase name="testparallel" classname="test.testng.TestParallel" time="0.001"/>
  <testcase name="testparallel" classname="test.testng.TestParallel" time="0.001"/>
  <testcase name="testparallel" classname="test.testng.TestParallel" time="0"/>
  <testcase name="testparallel" classname="test.testng.TestParallel" time="0"/>
  <testcase name="testparallel" classname="test.testng.TestParallel" time="0.002"/>
  <testcase name="testparallel" classname="test.testng.TestParallel" time="0"/>
  <testcase name="testparallel" classname="test.testng.TestParallel" time="0"/>
  <testcase name="testparallel" classname="test.testng.TestParallel" time="0"/>
  <testcase name="testparallel" classname="test.testng.TestParallel" time="0.004"/>
  <testcase name="testparallel" classname="test.testng.TestParallel" time="0.004"/>
  <testcase name="testparallel" classname="test.testng.TestParallel" time="0.005"/>
  <testcase name="testparallel" classname="test.testng.TestParallel" time="0"/>
  <testcase name="testparallel" classname="test.testng.TestParallel" time="0"/>
  <testcase name="testparallel" classname="test.testng.TestParallel" time="0"/>
  <testcase name="testparallel" classname="test.testng.TestParallel" time="0.002"/>
  <testcase name="testparallel" classname="test.testng.TestParallel" time="0"/>
  <testcase name="testparallel" classname="test.testng.TestParallel" time="0"/>
  <testcase name="testparallel" classname="test.testng.TestParallel" time="0"/>
  <testcase name="testparallel" classname="test.testng.TestParallel" time="0"/>
  <testcase name="testparallel" classname="test.testng.TestParallel" time="0"/>
  <testcase name="testparallel" classname="test.testng.TestParallel" time="0.001"/>
  <testcase name="testparallel" classname="test.testng.TestParallel" time="0.001"/>
  <testcase name="testparallel" classname="test.testng.TestParallel" time="0.001"/>
  <testcase name="testparallel" classname="test.testng.TestParallel" time="0.001"/>
  <testcase name="testparallel" classname="test.testng.TestParallel" time="0"/>
  <testcase name="testparallel" classname="test.testng.TestParallel" time="0.001"/>
  <testcase name="testparallel" classname="test.testng.TestParallel" time="0"/>
  <testcase name="testparallel" classname="test.testng.TestParallel" time="0"/>
  <testcase name="testexception2" classname="test.testng.TestExceptions" time="0.001"/>
  <testcase name="testMethod3" classname="test.testng.AppTest" time="0">
    <failure message="expected [false] but found [true]" type="java.lang.AssertionError">java.lang.AssertionError: expected [false] but found [true]
	at org.testng.Assert.fail(Assert.java:94)
	at org.testng.Assert.failNotEquals(Assert.java:513)
	at org.testng.Assert.assertFalse(Assert.java:63)
	at org.testng.Assert.assertFalse(Assert.java:73)
	at test.testng.AppTest.testMethod3(AppTest.java:54)
</failure>
  </testcase>
  <testcase name="testMethod2" classname="test.testng.AppTest" time="0.001">
    <failure message="expected [false] but found [true]" type="java.lang.AssertionError">java.lang.AssertionError: expected [false] but found [true]
	at org.testng.Assert.fail(Assert.java:94)
	at org.testng.Assert.failNotEquals(Assert.java:513)
	at org.testng.Assert.assertFalse(Assert.java:63)
	at org.testng.Assert.assertFalse(Assert.java:73)
	at test.testng.AppTest.testMethod2(AppTest.java:48)
</failure>
  </testcase>
  <testcase name="method3" classname="test.testng.GroupsTest" time="0"/>
  <testcase name="mytest1" classname="test.testng.listners.ListnerTest" time="0"/>
  <testcase name="mytest2" classname="test.testng.listners.ListnerTest" time="0"/>
  <testcase name="method2" classname="test.testng.GroupsTest" time="0.001"/>
  <testcase name="method4" classname="test.testng.GroupsTest" time="0.004"/>
  <testcase name="mytest1" classname="test.testng.retry.MyRetryTest" time="0">
    <failure message="expected [true] but found [false]" type="java.lang.AssertionError">java.lang.AssertionError: expected [true] but found [false]
	at org.testng.Assert.fail(Assert.java:94)
	at org.testng.Assert.failNotEquals(Assert.java:513)
	at org.testng.Assert.assertTrue(Assert.java:42)
	at org.testng.Assert.assertTrue(Assert.java:52)
	at test.testng.retry.MyRetryTest.mytest1(MyRetryTest.java:13)
</failure>
  </testcase>
  <testcase name="mytest2" classname="test.testng.retry.MyRetryTest" time="0">
    <failure message="expected [true] but found [false]" type="java.lang.AssertionError">java.lang.AssertionError: expected [true] but found [false]
	at org.testng.Assert.fail(Assert.java:94)
	at org.testng.Assert.failNotEquals(Assert.java:513)
	at org.testng.Assert.assertTrue(Assert.java:42)
	at org.testng.Assert.assertTrue(Assert.java:52)
	at test.testng.retry.MyRetryTest.mytest2(MyRetryTest.java:19)
</failure>
  </testcase>
  <testcase name="testaddition" classname="test.testng.TestAddition" time="0"/>
  <testcase name="testaddition" classname="test.testng.TestAddition" time="0">
    <failure message="expected [11] but found [9]" type="java.lang.AssertionError">java.lang.AssertionError: expected [11] but found [9]
	at org.testng.Assert.fail(Assert.java:94)
	at org.testng.Assert.failNotEquals(Assert.java:513)
	at org.testng.Assert.assertEqualsImpl(Assert.java:135)
	at org.testng.Assert.assertEquals(Assert.java:116)
	at org.testng.Assert.assertEquals(Assert.java:179)
	at test.testng.TestAddition.testaddition(TestAddition.java:12)
</failure>
  </testcase>
  <testcase name="testaddition" classname="test.testng.TestAddition" time="0"/>
  <testcase name="testexception2" classname="test.testng.TestExceptions" time="0"/>
  <testcase name="testexception1" classname="test.testng.TestExceptions" time="0"/>
  <testcase name="test4" classname="test.testng.TestPriority" time="0">
    <error message="expected [false] but found [true]" type="java.lang.AssertionError">java.lang.AssertionError: expected [false] but found [true]
	at org.testng.Assert.fail(Assert.java:94)
	at org.testng.Assert.failNotEquals(Assert.java:513)
	at org.testng.Assert.assertFalse(Assert.java:63)
	at org.testng.Assert.assertFalse(Assert.java:73)
	at test.testng.TestPriority.test4(TestPriority.java:29)
</error>
  </testcase>
  <testcase name="method1" classname="test.testng.TestClass" time="0.007">
    <failure message="&#10;Parameter &apos;hostname&apos; is required by @Test on method method1 but has not been marked @Optional or defined&#10;in C:\Users\SudhaChandoo\TestNG\testng\testng.xml" type="org.testng.TestNGException">org.testng.TestNGException: 
Parameter 'hostname' is required by @Test on method method1 but has not been marked @Optional or defined
in C:\Users\SudhaChandoo\TestNG\testng\testng.xml
	at org.testng.internal.Parameters.createParameters(Parameters.java:199)
	at org.testng.internal.Parameters.createParameters(Parameters.java:443)
	at org.testng.internal.Parameters.handleParameters(Parameters.java:568)
	at org.testng.internal.Invoker.handleParameters(Invoker.java:1293)
	at org.testng.internal.Invoker.createParameters(Invoker.java:1020)
	at org.testng.internal.Invoker.invokeTestMethods(Invoker.java:1110)
	at org.testng.internal.TestMethodWorker.invokeTestMethods(TestMethodWorker.java:129)
	at org.testng.internal.TestMethodWorker.run(TestMethodWorker.java:112)
	at java.util.concurrent.ThreadPoolExecutor.runWorker(ThreadPoolExecutor.java:1149)
	at java.util.concurrent.ThreadPoolExecutor$Worker.run(ThreadPoolExecutor.java:624)
	at java.lang.Thread.run(Thread.java:748)
</failure>
    <system-err><![CDATA[[Error] org.testng.TestNGException: 
Parameter &apos;hostname&apos; is required by @Test on method method1 but has not been marked @Optional or defined
in C:\Users\SudhaChandoo\TestNG\testng\testng.xml
	at org.testng.internal.Parameters.createParameters(Parameters.java:199)
	at org.testng.internal.Parameters.createParameters(Parameters.java:443)
	at org.testng.internal.Parameters.handleParameters(Parameters.java:568)
	at org.testng.internal.Invoker.handleParameters(Invoker.java:1293)
	at org.testng.internal.Invoker.createParameters(Invoker.java:1020)
	at org.testng.internal.Invoker.invokeTestMethods(Invoker.java:1110)
	at org.testng.internal.TestMethodWorker.invokeTestMethods(TestMethodWorker.java:129)
	at org.testng.internal.TestMethodWorker.run(TestMethodWorker.java:112)
	at java.util.concurrent.ThreadPoolExecutor.runWorker(ThreadPoolExecutor.java:1149)
	at java.util.concurrent.ThreadPoolExecutor$Worker.run(ThreadPoolExecutor.java:624)
	at java.lang.Thread.run(Thread.java:748)

]]></system-err>
  </testcase>
  <testcase name="testmethod4" classname="test.testng.AppTest" time="0"/>
  <testcase name="testmethod5" classname="test.testng.AppTest" time="0">
    <skipped/>
  </testcase>
  <testcase name="testAdd" classname="test.testng.AppTest" time="0.004"/>
  <testcase name="method1" classname="test.testng.GroupsTest" time="0"/>
  <testcase name="testparallel" classname="test.testng.TestParallel" time="0"/>
  <testcase name="testparallel" classname="test.testng.TestParallel" time="0"/>
  <testcase name="testparallel" classname="test.testng.TestParallel" time="0"/>
  <testcase name="testparallel" classname="test.testng.TestParallel" time="0"/>
  <testcase name="testparallel" classname="test.testng.TestParallel" time="0.001"/>
  <testcase name="testparallel" classname="test.testng.TestParallel" time="0.004"/>
  <testcase name="testparallel" classname="test.testng.TestParallel" time="0"/>
  <testcase name="testparallel" classname="test.testng.TestParallel" time="0"/>
  <testcase name="testparallel" classname="test.testng.TestParallel" time="0"/>
  <testcase name="testparallel" classname="test.testng.TestParallel" time="0.001"/>
  <testcase name="testparallel" classname="test.testng.TestParallel" time="0"/>
  <testcase name="testparallel" classname="test.testng.TestParallel" time="0"/>
  <testcase name="testparallel" classname="test.testng.TestParallel" time="0.002"/>
  <testcase name="testparallel" classname="test.testng.TestParallel" time="0.001"/>
  <testcase name="testparallel" classname="test.testng.TestParallel" time="0.005"/>
  <testcase name="testparallel" classname="test.testng.TestParallel" time="0"/>
  <testcase name="testparallel" classname="test.testng.TestParallel" time="0"/>
  <testcase name="testparallel" classname="test.testng.TestParallel" time="0"/>
  <testcase name="testparallel" classname="test.testng.TestParallel" time="0"/>
  <testcase name="testparallel" classname="test.testng.TestParallel" time="0"/>
  <testcase name="testparallel" classname="test.testng.TestParallel" time="0"/>
  <testcase name="testparallel" classname="test.testng.TestParallel" time="0"/>
  <testcase name="testparallel" classname="test.testng.TestParallel" time="0"/>
  <testcase name="testparallel" classname="test.testng.TestParallel" time="0"/>
  <testcase name="testparallel" classname="test.testng.TestParallel" time="0"/>
  <testcase name="testparallel" classname="test.testng.TestParallel" time="0.006"/>
  <testcase name="testparallel" classname="test.testng.TestParallel" time="0"/>
  <testcase name="testparallel" classname="test.testng.TestParallel" time="0.001"/>
  <testcase name="testparallel" classname="test.testng.TestParallel" time="0.001"/>
  <testcase name="testparallel" classname="test.testng.TestParallel" time="0.001"/>
  <testcase name="testparallel" classname="test.testng.TestParallel" time="0.001"/>
  <testcase name="testparallel" classname="test.testng.TestParallel" time="0.004"/>
  <testcase name="testparallel" classname="test.testng.TestParallel" time="0.001"/>
  <testcase name="testparallel" classname="test.testng.TestParallel" time="0"/>
  <testcase name="testparallel" classname="test.testng.TestParallel" time="0"/>
  <testcase name="testparallel" classname="test.testng.TestParallel" time="0"/>
  <testcase name="testparallel" classname="test.testng.TestParallel" time="0"/>
  <testcase name="testparallel" classname="test.testng.TestParallel" time="0"/>
  <testcase name="testparallel" classname="test.testng.TestParallel" time="0"/>
  <testcase name="testparallel" classname="test.testng.TestParallel" time="0"/>
  <testcase name="testparallel" classname="test.testng.TestParallel" time="0"/>
  <testcase name="testparallel" classname="test.testng.TestParallel" time="0"/>
  <testcase name="testparallel" classname="test.testng.TestParallel" time="0"/>
  <testcase name="testparallel" classname="test.testng.TestParallel" time="0"/>
  <testcase name="testparallel" classname="test.testng.TestParallel" time="0"/>
  <testcase name="testparallel" classname="test.testng.TestParallel" time="0"/>
  <testcase name="testparallel" classname="test.testng.TestParallel" time="0"/>
  <testcase name="testparallel" classname="test.testng.TestParallel" time="0.001"/>
  <testcase name="testparallel" classname="test.testng.TestParallel" time="0"/>
  <testcase name="testparallel" classname="test.testng.TestParallel" time="0.002"/>
  <testcase name="testparallel" classname="test.testng.TestParallel" time="0"/>
  <testcase name="testparallel" classname="test.testng.TestParallel" time="0"/>
  <testcase name="testparallel" classname="test.testng.TestParallel" time="0"/>
  <testcase name="testparallel" classname="test.testng.TestParallel" time="0"/>
  <testcase name="testparallel" classname="test.testng.TestParallel" time="0"/>
  <testcase name="testparallel" classname="test.testng.TestParallel" time="0"/>
  <testcase name="testparallel" classname="test.testng.TestParallel" time="0"/>
  <testcase name="testparallel" classname="test.testng.TestParallel" time="0.002"/>
  <testcase name="testparallel" classname="test.testng.TestParallel" time="0.001"/>
  <testcase name="testparallel" classname="test.testng.TestParallel" time="0"/>
  <testcase name="testparallel" classname="test.testng.TestParallel" time="0"/>
  <testcase name="testparallel" classname="test.testng.TestParallel" time="0.001"/>
  <testcase name="testparallel" classname="test.testng.TestParallel" time="0"/>
  <testcase name="testparallel" classname="test.testng.TestParallel" time="0"/>
  <testcase name="testparallel" classname="test.testng.TestParallel" time="0"/>
  <testcase name="testparallel" classname="test.testng.TestParallel" time="0"/>
  <testcase name="testparallel" classname="test.testng.TestParallel" time="0"/>
  <testcase name="testparallel" classname="test.testng.TestParallel" time="0"/>
  <testcase name="testparallel" classname="test.testng.TestParallel" time="0"/>
  <testcase name="testparallel" classname="test.testng.TestParallel" time="0"/>
  <testcase name="testparallel" classname="test.testng.TestParallel" time="0"/>
  <testcase name="testparallel" classname="test.testng.TestParallel" time="0"/>
  <testcase name="testparallel" classname="test.testng.TestParallel" time="0"/>
  <testcase name="testparallel" classname="test.testng.TestParallel" time="0"/>
  <testcase name="testparallel" classname="test.testng.TestParallel" time="0"/>
  <testcase name="testparallel" classname="test.testng.TestParallel" time="0"/>
  <testcase name="testparallel" classname="test.testng.TestParallel" time="0"/>
  <testcase name="testparallel" classname="test.testng.TestParallel" time="0"/>
  <testcase name="testparallel" classname="test.testng.TestParallel" time="0"/>
  <testcase name="testparallel" classname="test.testng.TestParallel" time="0"/>
  <testcase name="testparallel" classname="test.testng.TestParallel" time="0"/>
  <testcase name="testparallel" classname="test.testng.TestParallel" time="0"/>
  <testcase name="testparallel" classname="test.testng.TestParallel" time="0"/>
  <testcase name="testparallel" classname="test.testng.TestParallel" time="0"/>
  <testcase name="testparallel" classname="test.testng.TestParallel" time="0"/>
  <testcase name="testparallel" classname="test.testng.TestParallel" time="0.001"/>
  <testcase name="testparallel" classname="test.testng.TestParallel" time="0"/>
  <testcase name="testparallel" classname="test.testng.TestParallel" time="0"/>
  <testcase name="testparallel" classname="test.testng.TestParallel" time="0"/>
  <testcase name="testparallel" classname="test.testng.TestParallel" time="0"/>
  <testcase name="testparallel" classname="test.testng.TestParallel" time="0"/>
  <testcase name="testparallel" classname="test.testng.TestParallel" time="0"/>
  <testcase name="testparallel" classname="test.testng.TestParallel" time="0"/>
  <testcase name="testparallel" classname="test.testng.TestParallel" time="0"/>
  <testcase name="testparallel" classname="test.testng.TestParallel" time="0"/>
  <testcase name="testparallel" classname="test.testng.TestParallel" time="0.001"/>
  <testcase name="testparallel" classname="test.testng.TestParallel" time="0.002"/>
  <testcase name="testparallel" classname="test.testng.TestParallel" time="0.002"/>
  <testcase name="testparallel" classname="test.testng.TestParallel" time="0.002"/>
  <testcase name="testparallel" classname="test.testng.TestParallel" time="0.001"/>
</testsuite>