<?xml version="1.0" encoding="UTF-8"?>
<!-- Generated by org.testng.reporters.JUnitReportReporter -->
<testsuite name="test.testng.TestClass" tests="1" time="0.000" ignored="5" failures="0" timestamp="28 Jan 2020 14:10:30 GMT" skipped="0" hostname="DESKTOP-L2VJL3A" errors="1">
  <testcase name="method1" time="0.000" classname="test.testng.TestClass">
    <error type="org.testng.TestNGException" message="
Parameter &#039;hostname&#039; is required by @Test on method method1 but has not been marked @Optional or defined
in C:\Users\SudhaChandoo\TestNG\testng\testng.xml">
      <![CDATA[org.testng.TestNGException: 
Parameter 'hostname' is required by @Test on method method1 but has not been marked @Optional or defined
in C:\Users\SudhaChandoo\TestNG\testng\testng.xml
	at org.testng.internal.Parameters.createParameters(Parameters.java:199)
	at org.testng.internal.Parameters.createParameters(Parameters.java:443)
	at org.testng.internal.Parameters.handleParameters(Parameters.java:568)
	at org.testng.internal.Invoker.handleParameters(Invoker.java:1293)
	at org.testng.internal.Invoker.createParameters(Invoker.java:1020)
	at org.testng.internal.Invoker.invokeTestMethods(Invoker.java:1110)
	at org.testng.internal.TestMethodWorker.invokeTestMethods(TestMethodWorker.java:129)
	at org.testng.internal.TestMethodWorker.run(TestMethodWorker.java:112)
	at java.util.concurrent.ThreadPoolExecutor.runWorker(ThreadPoolExecutor.java:1149)
	at java.util.concurrent.ThreadPoolExecutor$Worker.run(ThreadPoolExecutor.java:624)
	at java.lang.Thread.run(Thread.java:748)
]]>
    </error>
  </testcase> <!-- method1 -->
  <testcase name="testexception1" classname="test.testng.TestExceptions">
    <skipped/>
  </testcase> <!-- testexception1 -->
  <testcase name="testMethod2" classname="test.testng.AppTest">
    <skipped/>
  </testcase> <!-- testMethod2 -->
  <testcase name="testmethod4" classname="test.testng.AppTest">
    <skipped/>
  </testcase> <!-- testmethod4 -->
  <testcase name="testmethod5" classname="test.testng.AppTest">
    <skipped/>
  </testcase> <!-- testmethod5 -->
  <testcase name="testMethod3" classname="test.testng.AppTest">
    <skipped/>
  </testcase> <!-- testMethod3 -->
</testsuite> <!-- test.testng.TestClass -->
