<?xml version="1.0" encoding="UTF-8"?>
<!-- Generated by org.testng.reporters.JUnitReportReporter -->
<testsuite name="test.testng.TestParallel" tests="200" time="0.921" ignored="5" failures="0" timestamp="28 Jan 2020 14:10:30 GMT" skipped="0" hostname="DESKTOP-L2VJL3A" errors="0">
  <testcase name="testparallel" time="0.000" classname="test.testng.TestParallel"/>
  <testcase name="testparallel" time="0.001" classname="test.testng.TestParallel"/>
  <testcase name="testparallel" time="0.000" classname="test.testng.TestParallel"/>
  <testcase name="testparallel" time="0.000" classname="test.testng.TestParallel"/>
  <testcase name="testparallel" time="0.014" classname="test.testng.TestParallel"/>
  <testcase name="testparallel" time="0.001" classname="test.testng.TestParallel"/>
  <testcase name="testparallel" time="0.000" classname="test.testng.TestParallel"/>
  <testcase name="testparallel" time="0.000" classname="test.testng.TestParallel"/>
  <testcase name="testparallel" time="0.001" classname="test.testng.TestParallel"/>
  <testcase name="testparallel" time="0.002" classname="test.testng.TestParallel"/>
  <testcase name="testparallel" time="0.001" classname="test.testng.TestParallel"/>
  <testcase name="testparallel" time="0.000" classname="test.testng.TestParallel"/>
  <testcase name="testparallel" time="0.002" classname="test.testng.TestParallel"/>
  <testcase name="testparallel" time="0.001" classname="test.testng.TestParallel"/>
  <testcase name="testparallel" time="0.001" classname="test.testng.TestParallel"/>
  <testcase name="testparallel" time="0.003" classname="test.testng.TestParallel"/>
  <testcase name="testparallel" time="0.000" classname="test.testng.TestParallel"/>
  <testcase name="testparallel" time="0.000" classname="test.testng.TestParallel"/>
  <testcase name="testparallel" time="0.000" classname="test.testng.TestParallel"/>
  <testcase name="testparallel" time="0.002" classname="test.testng.TestParallel"/>
  <testcase name="testparallel" time="0.006" classname="test.testng.TestParallel"/>
  <testcase name="testparallel" time="0.001" classname="test.testng.TestParallel"/>
  <testcase name="testparallel" time="0.015" classname="test.testng.TestParallel"/>
  <testcase name="testparallel" time="0.001" classname="test.testng.TestParallel"/>
  <testcase name="testparallel" time="0.000" classname="test.testng.TestParallel"/>
  <testcase name="testparallel" time="0.001" classname="test.testng.TestParallel"/>
  <testcase name="testparallel" time="0.009" classname="test.testng.TestParallel"/>
  <testcase name="testparallel" time="0.000" classname="test.testng.TestParallel"/>
  <testcase name="testparallel" time="0.000" classname="test.testng.TestParallel"/>
  <testcase name="testparallel" time="0.000" classname="test.testng.TestParallel"/>
  <testcase name="testparallel" time="0.001" classname="test.testng.TestParallel"/>
  <testcase name="testparallel" time="0.003" classname="test.testng.TestParallel"/>
  <testcase name="testparallel" time="0.000" classname="test.testng.TestParallel"/>
  <testcase name="testparallel" time="0.027" classname="test.testng.TestParallel"/>
  <testcase name="testparallel" time="0.000" classname="test.testng.TestParallel"/>
  <testcase name="testparallel" time="0.000" classname="test.testng.TestParallel"/>
  <testcase name="testparallel" time="0.000" classname="test.testng.TestParallel"/>
  <testcase name="testparallel" time="0.000" classname="test.testng.TestParallel"/>
  <testcase name="testparallel" time="0.000" classname="test.testng.TestParallel"/>
  <testcase name="testparallel" time="0.000" classname="test.testng.TestParallel"/>
  <testcase name="testparallel" time="0.000" classname="test.testng.TestParallel"/>
  <testcase name="testparallel" time="0.001" classname="test.testng.TestParallel"/>
  <testcase name="testparallel" time="0.000" classname="test.testng.TestParallel"/>
  <testcase name="testparallel" time="0.006" classname="test.testng.TestParallel"/>
  <testcase name="testparallel" time="0.000" classname="test.testng.TestParallel"/>
  <testcase name="testparallel" time="0.002" classname="test.testng.TestParallel"/>
  <testcase name="testparallel" time="0.000" classname="test.testng.TestParallel"/>
  <testcase name="testparallel" time="0.001" classname="test.testng.TestParallel"/>
  <testcase name="testparallel" time="0.000" classname="test.testng.TestParallel"/>
  <testcase name="testparallel" time="0.001" classname="test.testng.TestParallel"/>
  <testcase name="testparallel" time="0.001" classname="test.testng.TestParallel"/>
  <testcase name="testparallel" time="0.001" classname="test.testng.TestParallel"/>
  <testcase name="testparallel" time="0.000" classname="test.testng.TestParallel"/>
  <testcase name="testparallel" time="0.001" classname="test.testng.TestParallel"/>
  <testcase name="testparallel" time="0.001" classname="test.testng.TestParallel"/>
  <testcase name="testparallel" time="0.000" classname="test.testng.TestParallel"/>
  <testcase name="testparallel" time="0.059" classname="test.testng.TestParallel"/>
  <testcase name="testparallel" time="0.000" classname="test.testng.TestParallel"/>
  <testcase name="testparallel" time="0.000" classname="test.testng.TestParallel"/>
  <testcase name="testparallel" time="0.000" classname="test.testng.TestParallel"/>
  <testcase name="testparallel" time="0.002" classname="test.testng.TestParallel"/>
  <testcase name="testparallel" time="0.001" classname="test.testng.TestParallel"/>
  <testcase name="testparallel" time="0.001" classname="test.testng.TestParallel"/>
  <testcase name="testparallel" time="0.000" classname="test.testng.TestParallel"/>
  <testcase name="testparallel" time="0.001" classname="test.testng.TestParallel"/>
  <testcase name="testparallel" time="0.001" classname="test.testng.TestParallel"/>
  <testcase name="testparallel" time="0.001" classname="test.testng.TestParallel"/>
  <testcase name="testparallel" time="0.000" classname="test.testng.TestParallel"/>
  <testcase name="testparallel" time="0.000" classname="test.testng.TestParallel"/>
  <testcase name="testparallel" time="0.000" classname="test.testng.TestParallel"/>
  <testcase name="testparallel" time="0.001" classname="test.testng.TestParallel"/>
  <testcase name="testparallel" time="0.000" classname="test.testng.TestParallel"/>
  <testcase name="testparallel" time="0.009" classname="test.testng.TestParallel"/>
  <testcase name="testparallel" time="0.002" classname="test.testng.TestParallel"/>
  <testcase name="testparallel" time="0.000" classname="test.testng.TestParallel"/>
  <testcase name="testparallel" time="0.002" classname="test.testng.TestParallel"/>
  <testcase name="testparallel" time="0.000" classname="test.testng.TestParallel"/>
  <testcase name="testparallel" time="0.002" classname="test.testng.TestParallel"/>
  <testcase name="testparallel" time="0.000" classname="test.testng.TestParallel"/>
  <testcase name="testparallel" time="0.029" classname="test.testng.TestParallel"/>
  <testcase name="testparallel" time="0.001" classname="test.testng.TestParallel"/>
  <testcase name="testparallel" time="0.063" classname="test.testng.TestParallel"/>
  <testcase name="testparallel" time="0.000" classname="test.testng.TestParallel"/>
  <testcase name="testparallel" time="0.001" classname="test.testng.TestParallel"/>
  <testcase name="testparallel" time="0.003" classname="test.testng.TestParallel"/>
  <testcase name="testparallel" time="0.001" classname="test.testng.TestParallel"/>
  <testcase name="testparallel" time="0.000" classname="test.testng.TestParallel"/>
  <testcase name="testparallel" time="0.002" classname="test.testng.TestParallel"/>
  <testcase name="testparallel" time="0.004" classname="test.testng.TestParallel"/>
  <testcase name="testparallel" time="0.001" classname="test.testng.TestParallel"/>
  <testcase name="testparallel" time="0.007" classname="test.testng.TestParallel"/>
  <testcase name="testparallel" time="0.003" classname="test.testng.TestParallel"/>
  <testcase name="testparallel" time="0.000" classname="test.testng.TestParallel"/>
  <testcase name="testparallel" time="0.000" classname="test.testng.TestParallel"/>
  <testcase name="testparallel" time="0.000" classname="test.testng.TestParallel"/>
  <testcase name="testparallel" time="0.000" classname="test.testng.TestParallel"/>
  <testcase name="testparallel" time="0.001" classname="test.testng.TestParallel"/>
  <testcase name="testparallel" time="0.006" classname="test.testng.TestParallel"/>
  <testcase name="testparallel" time="0.001" classname="test.testng.TestParallel"/>
  <testcase name="testparallel" time="0.000" classname="test.testng.TestParallel"/>
  <testcase name="testparallel" time="0.000" classname="test.testng.TestParallel"/>
  <testcase name="testparallel" time="0.001" classname="test.testng.TestParallel"/>
  <testcase name="testparallel" time="0.001" classname="test.testng.TestParallel"/>
  <testcase name="testparallel" time="0.001" classname="test.testng.TestParallel"/>
  <testcase name="testparallel" time="0.001" classname="test.testng.TestParallel"/>
  <testcase name="testparallel" time="0.015" classname="test.testng.TestParallel"/>
  <testcase name="testparallel" time="0.000" classname="test.testng.TestParallel"/>
  <testcase name="testparallel" time="0.009" classname="test.testng.TestParallel"/>
  <testcase name="testparallel" time="0.002" classname="test.testng.TestParallel"/>
  <testcase name="testparallel" time="0.001" classname="test.testng.TestParallel"/>
  <testcase name="testparallel" time="0.000" classname="test.testng.TestParallel"/>
  <testcase name="testparallel" time="0.000" classname="test.testng.TestParallel"/>
  <testcase name="testparallel" time="0.006" classname="test.testng.TestParallel"/>
  <testcase name="testparallel" time="0.032" classname="test.testng.TestParallel"/>
  <testcase name="testparallel" time="0.000" classname="test.testng.TestParallel"/>
  <testcase name="testparallel" time="0.000" classname="test.testng.TestParallel"/>
  <testcase name="testparallel" time="0.000" classname="test.testng.TestParallel"/>
  <testcase name="testparallel" time="0.000" classname="test.testng.TestParallel"/>
  <testcase name="testparallel" time="0.000" classname="test.testng.TestParallel"/>
  <testcase name="testparallel" time="0.001" classname="test.testng.TestParallel"/>
  <testcase name="testparallel" time="0.000" classname="test.testng.TestParallel"/>
  <testcase name="testparallel" time="0.000" classname="test.testng.TestParallel"/>
  <testcase name="testparallel" time="0.042" classname="test.testng.TestParallel"/>
  <testcase name="testparallel" time="0.003" classname="test.testng.TestParallel"/>
  <testcase name="testparallel" time="0.001" classname="test.testng.TestParallel"/>
  <testcase name="testparallel" time="0.001" classname="test.testng.TestParallel"/>
  <testcase name="testparallel" time="0.001" classname="test.testng.TestParallel"/>
  <testcase name="testparallel" time="0.000" classname="test.testng.TestParallel"/>
  <testcase name="testparallel" time="0.001" classname="test.testng.TestParallel"/>
  <testcase name="testparallel" time="0.000" classname="test.testng.TestParallel"/>
  <testcase name="testparallel" time="0.001" classname="test.testng.TestParallel"/>
  <testcase name="testparallel" time="0.022" classname="test.testng.TestParallel"/>
  <testcase name="testparallel" time="0.098" classname="test.testng.TestParallel"/>
  <testcase name="testparallel" time="0.001" classname="test.testng.TestParallel"/>
  <testcase name="testparallel" time="0.007" classname="test.testng.TestParallel"/>
  <testcase name="testparallel" time="0.000" classname="test.testng.TestParallel"/>
  <testcase name="testparallel" time="0.000" classname="test.testng.TestParallel"/>
  <testcase name="testparallel" time="0.001" classname="test.testng.TestParallel"/>
  <testcase name="testparallel" time="0.001" classname="test.testng.TestParallel"/>
  <testcase name="testparallel" time="0.000" classname="test.testng.TestParallel"/>
  <testcase name="testparallel" time="0.000" classname="test.testng.TestParallel"/>
  <testcase name="testparallel" time="0.001" classname="test.testng.TestParallel"/>
  <testcase name="testparallel" time="0.031" classname="test.testng.TestParallel"/>
  <testcase name="testparallel" time="0.004" classname="test.testng.TestParallel"/>
  <testcase name="testparallel" time="0.001" classname="test.testng.TestParallel"/>
  <testcase name="testparallel" time="0.001" classname="test.testng.TestParallel"/>
  <testcase name="testparallel" time="0.000" classname="test.testng.TestParallel"/>
  <testcase name="testparallel" time="0.000" classname="test.testng.TestParallel"/>
  <testcase name="testparallel" time="0.008" classname="test.testng.TestParallel"/>
  <testcase name="testparallel" time="0.000" classname="test.testng.TestParallel"/>
  <testcase name="testparallel" time="0.000" classname="test.testng.TestParallel"/>
  <testcase name="testparallel" time="0.001" classname="test.testng.TestParallel"/>
  <testcase name="testparallel" time="0.000" classname="test.testng.TestParallel"/>
  <testcase name="testparallel" time="0.001" classname="test.testng.TestParallel"/>
  <testcase name="testparallel" time="0.002" classname="test.testng.TestParallel"/>
  <testcase name="testparallel" time="0.003" classname="test.testng.TestParallel"/>
  <testcase name="testparallel" time="0.035" classname="test.testng.TestParallel"/>
  <testcase name="testparallel" time="0.005" classname="test.testng.TestParallel"/>
  <testcase name="testparallel" time="0.062" classname="test.testng.TestParallel"/>
  <testcase name="testparallel" time="0.001" classname="test.testng.TestParallel"/>
  <testcase name="testparallel" time="0.000" classname="test.testng.TestParallel"/>
  <testcase name="testparallel" time="0.001" classname="test.testng.TestParallel"/>
  <testcase name="testparallel" time="0.004" classname="test.testng.TestParallel"/>
  <testcase name="testparallel" time="0.003" classname="test.testng.TestParallel"/>
  <testcase name="testparallel" time="0.000" classname="test.testng.TestParallel"/>
  <testcase name="testparallel" time="0.001" classname="test.testng.TestParallel"/>
  <testcase name="testparallel" time="0.041" classname="test.testng.TestParallel"/>
  <testcase name="testparallel" time="0.016" classname="test.testng.TestParallel"/>
  <testcase name="testparallel" time="0.009" classname="test.testng.TestParallel"/>
  <testcase name="testparallel" time="0.000" classname="test.testng.TestParallel"/>
  <testcase name="testparallel" time="0.000" classname="test.testng.TestParallel"/>
  <testcase name="testparallel" time="0.000" classname="test.testng.TestParallel"/>
  <testcase name="testparallel" time="0.001" classname="test.testng.TestParallel"/>
  <testcase name="testparallel" time="0.022" classname="test.testng.TestParallel"/>
  <testcase name="testparallel" time="0.001" classname="test.testng.TestParallel"/>
  <testcase name="testparallel" time="0.000" classname="test.testng.TestParallel"/>
  <testcase name="testparallel" time="0.000" classname="test.testng.TestParallel"/>
  <testcase name="testparallel" time="0.000" classname="test.testng.TestParallel"/>
  <testcase name="testparallel" time="0.000" classname="test.testng.TestParallel"/>
  <testcase name="testparallel" time="0.000" classname="test.testng.TestParallel"/>
  <testcase name="testparallel" time="0.063" classname="test.testng.TestParallel"/>
  <testcase name="testparallel" time="0.000" classname="test.testng.TestParallel"/>
  <testcase name="testparallel" time="0.008" classname="test.testng.TestParallel"/>
  <testcase name="testparallel" time="0.013" classname="test.testng.TestParallel"/>
  <testcase name="testparallel" time="0.000" classname="test.testng.TestParallel"/>
  <testcase name="testparallel" time="0.000" classname="test.testng.TestParallel"/>
  <testcase name="testparallel" time="0.006" classname="test.testng.TestParallel"/>
  <testcase name="testparallel" time="0.002" classname="test.testng.TestParallel"/>
  <testcase name="testparallel" time="0.000" classname="test.testng.TestParallel"/>
  <testcase name="testparallel" time="0.000" classname="test.testng.TestParallel"/>
  <testcase name="testparallel" time="0.008" classname="test.testng.TestParallel"/>
  <testcase name="testparallel" time="0.001" classname="test.testng.TestParallel"/>
  <testcase name="testparallel" time="0.001" classname="test.testng.TestParallel"/>
  <testcase name="testparallel" time="0.000" classname="test.testng.TestParallel"/>
  <testcase name="testparallel" time="0.001" classname="test.testng.TestParallel"/>
  <testcase name="testparallel" time="0.000" classname="test.testng.TestParallel"/>
  <testcase name="testparallel" time="0.000" classname="test.testng.TestParallel"/>
  <testcase name="testparallel" time="0.000" classname="test.testng.TestParallel"/>
  <testcase name="testparallel" time="0.000" classname="test.testng.TestParallel"/>
  <testcase name="testparallel" time="0.000" classname="test.testng.TestParallel"/>
  <testcase name="testexception1" classname="test.testng.TestExceptions">
    <skipped/>
  </testcase> <!-- testexception1 -->
  <testcase name="testMethod2" classname="test.testng.AppTest">
    <skipped/>
  </testcase> <!-- testMethod2 -->
  <testcase name="testmethod4" classname="test.testng.AppTest">
    <skipped/>
  </testcase> <!-- testmethod4 -->
  <testcase name="testmethod5" classname="test.testng.AppTest">
    <skipped/>
  </testcase> <!-- testmethod5 -->
  <testcase name="testMethod3" classname="test.testng.AppTest">
    <skipped/>
  </testcase> <!-- testMethod3 -->
</testsuite> <!-- test.testng.TestParallel -->
