<?xml version="1.0" encoding="UTF-8"?>
<!-- Generated by org.testng.reporters.JUnitReportReporter -->
<testsuite name="test.testng.listners.ListnerTest" tests="2" time="0.000" ignored="5" failures="0" timestamp="28 Jan 2020 14:10:30 GMT" skipped="0" hostname="DESKTOP-L2VJL3A" errors="0">
  <testcase name="mytest1" time="0.000" classname="test.testng.listners.ListnerTest"/>
  <testcase name="mytest2" time="0.000" classname="test.testng.listners.ListnerTest"/>
  <testcase name="testexception1" classname="test.testng.TestExceptions">
    <skipped/>
  </testcase> <!-- testexception1 -->
  <testcase name="testMethod2" classname="test.testng.AppTest">
    <skipped/>
  </testcase> <!-- testMethod2 -->
  <testcase name="testmethod4" classname="test.testng.AppTest">
    <skipped/>
  </testcase> <!-- testmethod4 -->
  <testcase name="testmethod5" classname="test.testng.AppTest">
    <skipped/>
  </testcase> <!-- testmethod5 -->
  <testcase name="testMethod3" classname="test.testng.AppTest">
    <skipped/>
  </testcase> <!-- testMethod3 -->
</testsuite> <!-- test.testng.listners.ListnerTest -->
